[INFO ] [org.springframework.web.context.ContextLoader] [Catalina-utility-1] -- Root WebApplicationContext: initialization started
[INFO ] [org.springframework.context.support.AbstractApplicationContext] [Catalina-utility-1] -- Refreshing Root WebApplicationContext: startup date [Sat Jun 04 20:45:59 KST 2022]; root of context hierarchy
[INFO ] [org.springframework.beans.factory.xml.XmlBeanDefinitionReader] [Catalina-utility-1] -- Loading XML bean definitions from ServletContext resource [/WEB-INF/spring/root-context.xml]
[INFO ] [org.springframework.beans.factory.annotation.AutowiredAnnotationBeanPostProcessor] [Catalina-utility-1] -- JSR-330 'javax.inject.Inject' annotation found and supported for autowiring
[INFO ] [com.zaxxer.hikari.HikariDataSource] [Catalina-utility-1] -- HikariPool-11 - Starting...
[INFO ] [net.sf.log4jdbc.log.slf4j.Slf4jSpyLogDelegator] [Catalina-utility-1] -- 1. Connection opened
[INFO ] [net.sf.log4jdbc.log.slf4j.Slf4jSpyLogDelegator] [Catalina-utility-1] -- 1. Connection.new Connection returned 
[INFO ] [com.zaxxer.hikari.pool.PoolBase] [Catalina-utility-1] -- HikariPool-11 - Driver does not support get/set network timeout for connections. (net.sf.log4jdbc.sql.jdbcapi.ConnectionSpy.getNetworkTimeout()I)
[INFO ] [net.sf.log4jdbc.log.slf4j.Slf4jSpyLogDelegator] [Catalina-utility-1] -- 1. Connection.isReadOnly() returned false
[INFO ] [net.sf.log4jdbc.log.slf4j.Slf4jSpyLogDelegator] [Catalina-utility-1] -- 1. Connection.getAutoCommit() returned true
[INFO ] [net.sf.log4jdbc.log.slf4j.Slf4jSpyLogDelegator] [Catalina-utility-1] -- 1. Connection.isValid(1) returned true
[INFO ] [net.sf.log4jdbc.log.slf4j.Slf4jSpyLogDelegator] [Catalina-utility-1] -- 1. Connection.getTransactionIsolation() returned 2
[INFO ] [com.zaxxer.hikari.HikariDataSource] [Catalina-utility-1] -- HikariPool-11 - Start completed.
[INFO ] [net.sf.log4jdbc.log.slf4j.Slf4jSpyLogDelegator] [HikariPool-11 connection adder] -- 2. Connection opened
[INFO ] [net.sf.log4jdbc.log.slf4j.Slf4jSpyLogDelegator] [HikariPool-11 connection adder] -- 2. Connection.new Connection returned 
[INFO ] [net.sf.log4jdbc.log.slf4j.Slf4jSpyLogDelegator] [HikariPool-11 connection adder] -- 2. Connection.isReadOnly() returned false
[INFO ] [net.sf.log4jdbc.log.slf4j.Slf4jSpyLogDelegator] [HikariPool-11 connection adder] -- 2. Connection.getAutoCommit() returned true
[INFO ] [net.sf.log4jdbc.log.slf4j.Slf4jSpyLogDelegator] [HikariPool-11 connection adder] -- 3. Connection opened
[INFO ] [net.sf.log4jdbc.log.slf4j.Slf4jSpyLogDelegator] [HikariPool-11 connection adder] -- 3. Connection.new Connection returned 
[INFO ] [net.sf.log4jdbc.log.slf4j.Slf4jSpyLogDelegator] [HikariPool-11 connection adder] -- 3. Connection.isReadOnly() returned false
[INFO ] [net.sf.log4jdbc.log.slf4j.Slf4jSpyLogDelegator] [HikariPool-11 connection adder] -- 3. Connection.getAutoCommit() returned true
[INFO ] [net.sf.log4jdbc.log.slf4j.Slf4jSpyLogDelegator] [HikariPool-11 connection adder] -- 4. Connection opened
[INFO ] [net.sf.log4jdbc.log.slf4j.Slf4jSpyLogDelegator] [HikariPool-11 connection adder] -- 4. Connection.new Connection returned 
[INFO ] [net.sf.log4jdbc.log.slf4j.Slf4jSpyLogDelegator] [HikariPool-11 connection adder] -- 4. Connection.isReadOnly() returned false
[INFO ] [net.sf.log4jdbc.log.slf4j.Slf4jSpyLogDelegator] [HikariPool-11 connection adder] -- 4. Connection.getAutoCommit() returned true
[INFO ] [net.sf.log4jdbc.log.slf4j.Slf4jSpyLogDelegator] [HikariPool-11 connection adder] -- 5. Connection opened
[INFO ] [net.sf.log4jdbc.log.slf4j.Slf4jSpyLogDelegator] [HikariPool-11 connection adder] -- 5. Connection.new Connection returned 
[INFO ] [net.sf.log4jdbc.log.slf4j.Slf4jSpyLogDelegator] [HikariPool-11 connection adder] -- 5. Connection.isReadOnly() returned false
[INFO ] [net.sf.log4jdbc.log.slf4j.Slf4jSpyLogDelegator] [HikariPool-11 connection adder] -- 5. Connection.getAutoCommit() returned true
[INFO ] [net.sf.log4jdbc.log.slf4j.Slf4jSpyLogDelegator] [HikariPool-11 connection adder] -- 6. Connection opened
[INFO ] [net.sf.log4jdbc.log.slf4j.Slf4jSpyLogDelegator] [HikariPool-11 connection adder] -- 6. Connection.new Connection returned 
[INFO ] [net.sf.log4jdbc.log.slf4j.Slf4jSpyLogDelegator] [HikariPool-11 connection adder] -- 6. Connection.isReadOnly() returned false
[INFO ] [net.sf.log4jdbc.log.slf4j.Slf4jSpyLogDelegator] [HikariPool-11 connection adder] -- 6. Connection.getAutoCommit() returned true
[INFO ] [net.sf.log4jdbc.log.slf4j.Slf4jSpyLogDelegator] [HikariPool-11 connection adder] -- 7. Connection opened
[INFO ] [net.sf.log4jdbc.log.slf4j.Slf4jSpyLogDelegator] [HikariPool-11 connection adder] -- 7. Connection.new Connection returned 
[INFO ] [net.sf.log4jdbc.log.slf4j.Slf4jSpyLogDelegator] [HikariPool-11 connection adder] -- 7. Connection.isReadOnly() returned false
[INFO ] [net.sf.log4jdbc.log.slf4j.Slf4jSpyLogDelegator] [HikariPool-11 connection adder] -- 7. Connection.getAutoCommit() returned true
[INFO ] [net.sf.log4jdbc.log.slf4j.Slf4jSpyLogDelegator] [HikariPool-11 connection adder] -- 8. Connection opened
[INFO ] [net.sf.log4jdbc.log.slf4j.Slf4jSpyLogDelegator] [HikariPool-11 connection adder] -- 8. Connection.new Connection returned 
[INFO ] [net.sf.log4jdbc.log.slf4j.Slf4jSpyLogDelegator] [HikariPool-11 connection adder] -- 8. Connection.isReadOnly() returned false
[INFO ] [net.sf.log4jdbc.log.slf4j.Slf4jSpyLogDelegator] [HikariPool-11 connection adder] -- 8. Connection.getAutoCommit() returned true
[INFO ] [net.sf.log4jdbc.log.slf4j.Slf4jSpyLogDelegator] [HikariPool-11 connection adder] -- 9. Connection opened
[INFO ] [net.sf.log4jdbc.log.slf4j.Slf4jSpyLogDelegator] [HikariPool-11 connection adder] -- 9. Connection.new Connection returned 
[INFO ] [net.sf.log4jdbc.log.slf4j.Slf4jSpyLogDelegator] [HikariPool-11 connection adder] -- 9. Connection.isReadOnly() returned false
[INFO ] [net.sf.log4jdbc.log.slf4j.Slf4jSpyLogDelegator] [HikariPool-11 connection adder] -- 9. Connection.getAutoCommit() returned true
[INFO ] [net.sf.log4jdbc.log.slf4j.Slf4jSpyLogDelegator] [HikariPool-11 connection adder] -- 10. Connection opened
[INFO ] [net.sf.log4jdbc.log.slf4j.Slf4jSpyLogDelegator] [HikariPool-11 connection adder] -- 10. Connection.new Connection returned 
[INFO ] [net.sf.log4jdbc.log.slf4j.Slf4jSpyLogDelegator] [HikariPool-11 connection adder] -- 10. Connection.isReadOnly() returned false
[INFO ] [net.sf.log4jdbc.log.slf4j.Slf4jSpyLogDelegator] [HikariPool-11 connection adder] -- 10. Connection.getAutoCommit() returned true
[INFO ] [org.springframework.scheduling.annotation.ScheduledAnnotationBeanPostProcessor] [Catalina-utility-1] -- No TaskScheduler/ScheduledExecutorService bean found for scheduled processing
[INFO ] [org.springframework.web.context.ContextLoader] [Catalina-utility-1] -- Root WebApplicationContext: initialization completed in 2579 ms
[INFO ] [org.springframework.web.servlet.FrameworkServlet] [Catalina-utility-1] -- FrameworkServlet 'appServlet': initialization started
[INFO ] [org.springframework.context.support.AbstractApplicationContext] [Catalina-utility-1] -- Refreshing WebApplicationContext for namespace 'appServlet-servlet': startup date [Sat Jun 04 20:46:01 KST 2022]; parent: Root WebApplicationContext
[INFO ] [org.springframework.beans.factory.xml.XmlBeanDefinitionReader] [Catalina-utility-1] -- Loading XML bean definitions from ServletContext resource [/WEB-INF/spring/appServlet/servlet-context.xml]
[INFO ] [org.springframework.beans.factory.xml.XmlBeanDefinitionReader] [Catalina-utility-1] -- Loading XML bean definitions from ServletContext resource [/WEB-INF/spring/appServlet/security-context.xml]
[INFO ] [org.springframework.beans.factory.annotation.AutowiredAnnotationBeanPostProcessor] [Catalina-utility-1] -- JSR-330 'javax.inject.Inject' annotation found and supported for autowiring
[INFO ] [org.springframework.web.servlet.handler.AbstractHandlerMethodMapping$MappingRegistry] [Catalina-utility-1] -- Mapped "{[/admin/main],methods=[GET]}" onto public void com.nik.project.controller.AdminController.adminMain()
[INFO ] [org.springframework.web.servlet.handler.AbstractHandlerMethodMapping$MappingRegistry] [Catalina-utility-1] -- Mapped "{[/admin/productRegist.do],methods=[POST]}" onto public java.lang.String com.nik.project.controller.AdminController.productRegist(com.nik.project.model.ProductVO,org.springframework.web.servlet.mvc.support.RedirectAttributes)
[INFO ] [org.springframework.web.servlet.handler.AbstractHandlerMethodMapping$MappingRegistry] [Catalina-utility-1] -- Mapped "{[/admin/productRegist],methods=[GET]}" onto public void com.nik.project.controller.AdminController.productRegist(org.springframework.ui.Model) throws java.lang.Exception
[INFO ] [org.springframework.web.servlet.handler.AbstractHandlerMethodMapping$MappingRegistry] [Catalina-utility-1] -- Mapped "{[/admin/productModify.do],methods=[POST]}" onto public java.lang.String com.nik.project.controller.AdminController.productModifyPOST(com.nik.project.model.ProductVO,org.springframework.web.servlet.mvc.support.RedirectAttributes)
[INFO ] [org.springframework.web.servlet.handler.AbstractHandlerMethodMapping$MappingRegistry] [Catalina-utility-1] -- Mapped "{[/admin/productDelete],methods=[POST]}" onto public java.lang.String com.nik.project.controller.AdminController.productDeletePOST(int,org.springframework.web.servlet.mvc.support.RedirectAttributes)
[INFO ] [org.springframework.web.servlet.handler.AbstractHandlerMethodMapping$MappingRegistry] [Catalina-utility-1] -- Mapped "{[/admin/uploadAjaxAction],methods=[POST],produces=[application/json;charset=UTF-8]}" onto public org.springframework.http.ResponseEntity<java.util.List<com.nik.project.model.AttachImageVO>> com.nik.project.controller.AdminController.uploadAjaxActionPOST(org.springframework.web.multipart.MultipartFile[])
[INFO ] [org.springframework.web.servlet.handler.AbstractHandlerMethodMapping$MappingRegistry] [Catalina-utility-1] -- Mapped "{[/admin/productDetail || /admin/productModify],methods=[GET]}" onto public void com.nik.project.controller.AdminController.productGetInfo(int,com.nik.project.model.Criteria,org.springframework.ui.Model) throws com.fasterxml.jackson.core.JsonProcessingException
[INFO ] [org.springframework.web.servlet.handler.AbstractHandlerMethodMapping$MappingRegistry] [Catalina-utility-1] -- Mapped "{[/admin/orderList],methods=[GET]}" onto public java.lang.String com.nik.project.controller.AdminController.orderListGET(com.nik.project.model.Criteria,org.springframework.ui.Model)
[INFO ] [org.springframework.web.servlet.handler.AbstractHandlerMethodMapping$MappingRegistry] [Catalina-utility-1] -- Mapped "{[/admin/orderCancel],methods=[POST]}" onto public java.lang.String com.nik.project.controller.AdminController.orderCancelPOST(com.nik.project.model.OrderCancelDTO,javax.servlet.http.HttpSession)
[INFO ] [org.springframework.web.servlet.handler.AbstractHandlerMethodMapping$MappingRegistry] [Catalina-utility-1] -- Mapped "{[/admin/productManage],methods=[GET]}" onto public void com.nik.project.controller.AdminController.productManage(com.nik.project.model.Criteria,org.springframework.ui.Model) throws java.lang.Exception
[INFO ] [org.springframework.web.servlet.handler.AbstractHandlerMethodMapping$MappingRegistry] [Catalina-utility-1] -- Mapped "{[/admin/deleteFile],methods=[POST]}" onto public org.springframework.http.ResponseEntity<java.lang.String> com.nik.project.controller.AdminController.deleteFile(java.lang.String)
[INFO ] [org.springframework.web.servlet.handler.AbstractHandlerMethodMapping$MappingRegistry] [Catalina-utility-1] -- Mapped "{[/admin/memberManage],methods=[GET]}" onto public void com.nik.project.controller.AdminController.memberGetList(com.nik.project.model.Criteria,org.springframework.ui.Model) throws java.lang.Exception
[INFO ] [org.springframework.web.servlet.handler.AbstractHandlerMethodMapping$MappingRegistry] [Catalina-utility-1] -- Mapped "{[/admin/memberDelete],methods=[POST]}" onto public java.lang.String com.nik.project.controller.AdminController.memberDeletePOST(java.lang.String,org.springframework.web.servlet.mvc.support.RedirectAttributes)
[INFO ] [org.springframework.web.servlet.handler.AbstractHandlerMethodMapping$MappingRegistry] [Catalina-utility-1] -- Mapped "{[/admin/memberModify.do],methods=[POST]}" onto public java.lang.String com.nik.project.controller.AdminController.memberModifyPOST(com.nik.project.model.MemberVO,org.springframework.web.servlet.mvc.support.RedirectAttributes)
[INFO ] [org.springframework.web.servlet.handler.AbstractHandlerMethodMapping$MappingRegistry] [Catalina-utility-1] -- Mapped "{[/admin/memberModify],methods=[GET]}" onto public void com.nik.project.controller.AdminController.memberGetInfo(java.lang.String,com.nik.project.model.Criteria,org.springframework.ui.Model)
[INFO ] [org.springframework.web.servlet.handler.AbstractHandlerMethodMapping$MappingRegistry] [Catalina-utility-1] -- Mapped "{[/cart/add],methods=[POST]}" onto public java.lang.String com.nik.project.controller.CartController.addCartPOST(com.nik.project.model.CartDTO,javax.servlet.http.HttpServletRequest)
[INFO ] [org.springframework.web.servlet.handler.AbstractHandlerMethodMapping$MappingRegistry] [Catalina-utility-1] -- Mapped "{[/cart/cart],methods=[GET]}" onto public java.lang.String com.nik.project.controller.CartController.cartPageGET(org.springframework.ui.Model,javax.servlet.http.HttpSession)
[INFO ] [org.springframework.web.servlet.handler.AbstractHandlerMethodMapping$MappingRegistry] [Catalina-utility-1] -- Mapped "{[/cart/update],methods=[POST]}" onto public java.lang.String com.nik.project.controller.CartController.updateCartPOST(com.nik.project.model.CartDTO)
[INFO ] [org.springframework.web.servlet.handler.AbstractHandlerMethodMapping$MappingRegistry] [Catalina-utility-1] -- Mapped "{[/cart/delete],methods=[POST]}" onto public java.lang.String com.nik.project.controller.CartController.deleteCartPOST(com.nik.project.model.CartDTO)
[INFO ] [org.springframework.web.servlet.handler.AbstractHandlerMethodMapping$MappingRegistry] [Catalina-utility-1] -- Mapped "{[/],methods=[GET]}" onto public java.lang.String com.nik.project.controller.HomeController.home(org.springframework.ui.Model)
[INFO ] [org.springframework.web.servlet.handler.AbstractHandlerMethodMapping$MappingRegistry] [Catalina-utility-1] -- Mapped "{[/member/join],methods=[GET]}" onto public void com.nik.project.controller.MemberController.loginGET()
[INFO ] [org.springframework.web.servlet.handler.AbstractHandlerMethodMapping$MappingRegistry] [Catalina-utility-1] -- Mapped "{[/member/join],methods=[POST]}" onto public java.lang.String com.nik.project.controller.MemberController.joinPOST(com.nik.project.model.MemberVO) throws java.lang.Exception
[INFO ] [org.springframework.web.servlet.handler.AbstractHandlerMethodMapping$MappingRegistry] [Catalina-utility-1] -- Mapped "{[/member/memberIdChk],methods=[POST]}" onto public java.lang.String com.nik.project.controller.MemberController.memberIdChkPOST(java.lang.String) throws java.lang.Exception
[INFO ] [org.springframework.web.servlet.handler.AbstractHandlerMethodMapping$MappingRegistry] [Catalina-utility-1] -- Mapped "{[/member/login.do],methods=[POST]}" onto public java.lang.String com.nik.project.controller.MemberController.memberLogin(java.lang.String,javax.servlet.http.HttpServletRequest,com.nik.project.model.MemberVO,org.springframework.web.servlet.mvc.support.RedirectAttributes)
[INFO ] [org.springframework.web.servlet.handler.AbstractHandlerMethodMapping$MappingRegistry] [Catalina-utility-1] -- Mapped "{[/member/login],methods=[GET]}" onto public void com.nik.project.controller.MemberController.joinGET()
[INFO ] [org.springframework.web.servlet.handler.AbstractHandlerMethodMapping$MappingRegistry] [Catalina-utility-1] -- Mapped "{[/member/mailCheck],methods=[GET]}" onto public java.lang.String com.nik.project.controller.MemberController.mailCheckGET(java.lang.String) throws java.lang.Exception
[INFO ] [org.springframework.web.servlet.handler.AbstractHandlerMethodMapping$MappingRegistry] [Catalina-utility-1] -- Mapped "{[/member/delete.do],methods=[GET]}" onto public java.lang.String com.nik.project.controller.MemberController.memberInactive(java.lang.String,javax.servlet.http.HttpSession)
[INFO ] [org.springframework.web.servlet.handler.AbstractHandlerMethodMapping$MappingRegistry] [Catalina-utility-1] -- Mapped "{[/member/logout.do],methods=[GET]}" onto public java.lang.String com.nik.project.controller.MemberController.logoutMainGET(javax.servlet.http.HttpSession)
[INFO ] [org.springframework.web.servlet.handler.AbstractHandlerMethodMapping$MappingRegistry] [Catalina-utility-1] -- Mapped "{[/member/logout.do],methods=[POST]}" onto public java.lang.String com.nik.project.controller.MemberController.logoutPOST(javax.servlet.http.HttpSession)
[INFO ] [org.springframework.web.servlet.handler.AbstractHandlerMethodMapping$MappingRegistry] [Catalina-utility-1] -- Mapped "{[/mypage/mypageModify],methods=[GET]}" onto public java.lang.String com.nik.project.controller.MypageController.mypageModify()
[INFO ] [org.springframework.web.servlet.handler.AbstractHandlerMethodMapping$MappingRegistry] [Catalina-utility-1] -- Mapped "{[/mypage/mypageModify.do],methods=[POST]}" onto public java.lang.String com.nik.project.controller.MypageController.updateProc(com.nik.project.model.MemberVO,javax.servlet.http.HttpSession)
[INFO ] [org.springframework.web.servlet.handler.AbstractHandlerMethodMapping$MappingRegistry] [Catalina-utility-1] -- Mapped "{[/mypage/mypage],methods=[GET]}" onto public java.lang.String com.nik.project.controller.MypageController.mypage(org.springframework.ui.Model,javax.servlet.http.HttpSession)
[INFO ] [org.springframework.web.servlet.handler.AbstractHandlerMethodMapping$MappingRegistry] [Catalina-utility-1] -- Mapped "{[/order/{memberId}],methods=[GET]}" onto public java.lang.String com.nik.project.controller.OrderController.orderPgaeGET(java.lang.String,com.nik.project.model.OrderPageDTO,org.springframework.ui.Model)
[INFO ] [org.springframework.web.servlet.handler.AbstractHandlerMethodMapping$MappingRegistry] [Catalina-utility-1] -- Mapped "{[/order],methods=[POST]}" onto public java.lang.String com.nik.project.controller.OrderController.orderPagePost(com.nik.project.model.OrderDTO,javax.servlet.http.HttpServletRequest)
[INFO ] [org.springframework.web.servlet.handler.AbstractHandlerMethodMapping$MappingRegistry] [Catalina-utility-1] -- Mapped "{[/replyRegist/{memberId}],methods=[GET]}" onto public java.lang.String com.nik.project.controller.ProductController.replyRegistWindowGET(java.lang.String,int,org.springframework.ui.Model)
[INFO ] [org.springframework.web.servlet.handler.AbstractHandlerMethodMapping$MappingRegistry] [Catalina-utility-1] -- Mapped "{[/replyUpdate],methods=[GET]}" onto public java.lang.String com.nik.project.controller.ProductController.replyUpdateWindowGET(com.nik.project.model.ReplyDTO,org.springframework.ui.Model)
[INFO ] [org.springframework.web.servlet.handler.AbstractHandlerMethodMapping$MappingRegistry] [Catalina-utility-1] -- Mapped "{[/search],methods=[GET]}" onto public java.lang.String com.nik.project.controller.ProductController.searchProductGET(com.nik.project.model.Criteria,org.springframework.ui.Model)
[INFO ] [org.springframework.web.servlet.handler.AbstractHandlerMethodMapping$MappingRegistry] [Catalina-utility-1] -- Mapped "{[/getAttachList],methods=[GET],produces=[application/json;charset=UTF-8]}" onto public org.springframework.http.ResponseEntity<java.util.List<com.nik.project.model.AttachImageVO>> com.nik.project.controller.ProductController.getAttachList(int)
[INFO ] [org.springframework.web.servlet.handler.AbstractHandlerMethodMapping$MappingRegistry] [Catalina-utility-1] -- Mapped "{[/productDetail/{id}],methods=[GET]}" onto public java.lang.String com.nik.project.controller.ProductController.productDetailGET(int,org.springframework.ui.Model)
[INFO ] [org.springframework.web.servlet.handler.AbstractHandlerMethodMapping$MappingRegistry] [Catalina-utility-1] -- Mapped "{[/display],methods=[GET]}" onto public org.springframework.http.ResponseEntity<byte[]> com.nik.project.controller.ProductController.getImage(java.lang.String)
[INFO ] [org.springframework.web.servlet.handler.AbstractHandlerMethodMapping$MappingRegistry] [Catalina-utility-1] -- Mapped "{[/qna/qnaList]}" onto public java.lang.String com.nik.project.controller.QnaController.qnaList(javax.servlet.http.HttpSession,org.springframework.ui.Model)
[INFO ] [org.springframework.web.servlet.handler.AbstractHandlerMethodMapping$MappingRegistry] [Catalina-utility-1] -- Mapped "{[/qna/qnaView]}" onto public java.lang.String com.nik.project.controller.QnaController.qnaView(int,org.springframework.ui.Model)
[INFO ] [org.springframework.web.servlet.handler.AbstractHandlerMethodMapping$MappingRegistry] [Catalina-utility-1] -- Mapped "{[/qna/qnaWriteForm]}" onto public java.lang.String com.nik.project.controller.QnaController.qnaWriteForm()
[INFO ] [org.springframework.web.servlet.handler.AbstractHandlerMethodMapping$MappingRegistry] [Catalina-utility-1] -- Mapped "{[/qna/qnaWrite]}" onto public java.lang.String com.nik.project.controller.QnaController.qnaWrite(com.nik.project.model.QnaVO,javax.servlet.http.HttpSession,org.springframework.ui.Model)
[INFO ] [org.springframework.web.servlet.handler.AbstractHandlerMethodMapping$MappingRegistry] [Catalina-utility-1] -- Mapped "{[/reply/check],methods=[POST]}" onto public java.lang.String com.nik.project.controller.ReplyController.replyCheckPOST(com.nik.project.model.ReplyDTO)
[INFO ] [org.springframework.web.servlet.handler.AbstractHandlerMethodMapping$MappingRegistry] [Catalina-utility-1] -- Mapped "{[/reply/regist],methods=[POST]}" onto public void com.nik.project.controller.ReplyController.registReplyPOST(com.nik.project.model.ReplyDTO)
[INFO ] [org.springframework.web.servlet.handler.AbstractHandlerMethodMapping$MappingRegistry] [Catalina-utility-1] -- Mapped "{[/reply/delete],methods=[POST]}" onto public void com.nik.project.controller.ReplyController.replyDeletePOST(com.nik.project.model.ReplyDTO)
[INFO ] [org.springframework.web.servlet.handler.AbstractHandlerMethodMapping$MappingRegistry] [Catalina-utility-1] -- Mapped "{[/reply/update],methods=[POST]}" onto public void com.nik.project.controller.ReplyController.replyModifyPOST(com.nik.project.model.ReplyDTO)
[INFO ] [org.springframework.web.servlet.handler.AbstractHandlerMethodMapping$MappingRegistry] [Catalina-utility-1] -- Mapped "{[/reply/list],methods=[GET],produces=[application/json;charset=UTF-8]}" onto public com.nik.project.model.ReplyPageDTO com.nik.project.controller.ReplyController.replyListPOST(com.nik.project.model.Criteria)
[INFO ] [org.hibernate.validator.internal.util.Version] [Catalina-utility-1] -- HV000001: Hibernate Validator 6.2.0.Final
[INFO ] [org.springframework.web.servlet.mvc.method.annotation.RequestMappingHandlerAdapter] [Catalina-utility-1] -- Looking for @ControllerAdvice: WebApplicationContext for namespace 'appServlet-servlet': startup date [Sat Jun 04 20:46:01 KST 2022]; parent: Root WebApplicationContext
[INFO ] [org.springframework.web.servlet.mvc.method.annotation.RequestMappingHandlerAdapter] [Catalina-utility-1] -- Looking for @ControllerAdvice: WebApplicationContext for namespace 'appServlet-servlet': startup date [Sat Jun 04 20:46:01 KST 2022]; parent: Root WebApplicationContext
[INFO ] [org.springframework.web.servlet.handler.AbstractUrlHandlerMapping] [Catalina-utility-1] -- Mapped URL path [/resources/**] onto handler 'org.springframework.web.servlet.resource.ResourceHttpRequestHandler#0'
[INFO ] [org.springframework.web.servlet.handler.AbstractUrlHandlerMapping] [Catalina-utility-1] -- Mapped URL path [/webjars/**] onto handler 'org.springframework.web.servlet.resource.ResourceHttpRequestHandler#1'
[INFO ] [org.springframework.web.servlet.handler.AbstractUrlHandlerMapping] [Catalina-utility-1] -- Mapped URL path [/bootstrap/**] onto handler 'org.springframework.web.servlet.resource.ResourceHttpRequestHandler#2'
[INFO ] [org.springframework.web.servlet.handler.AbstractUrlHandlerMapping] [Catalina-utility-1] -- Mapped URL path [/bootstrap4/**] onto handler 'org.springframework.web.servlet.resource.ResourceHttpRequestHandler#3'
[INFO ] [org.springframework.web.servlet.handler.AbstractUrlHandlerMapping] [Catalina-utility-1] -- Mapped URL path [/popper/**] onto handler 'org.springframework.web.servlet.resource.ResourceHttpRequestHandler#4'
[INFO ] [org.springframework.web.servlet.FrameworkServlet] [Catalina-utility-1] -- FrameworkServlet 'appServlet': initialization completed in 2197 ms
